<?xml version="1.0" encoding="UTF-8"?>
<testsuite xmlns:xsi="http://www.w3.org/2001/XMLSchema-instance" xsi:noNamespaceSchemaLocation="https://maven.apache.org/surefire/maven-surefire-plugin/xsd/surefire-test-report-3.0.xsd" version="3.0" name="com.mitienda.AppTest" time="0.058" tests="1" errors="0" skipped="0" failures="0">
  <properties>
    <property name="java.specification.version" value="17"/>
    <property name="sun.jnu.encoding" value="UTF-8"/>
    <property name="java.class.path" value="/workspaces/labs_Sistemas_distribuidos/lab07/ComputerStore/mi-tienda-soap/target/test-classes:/workspaces/labs_Sistemas_distribuidos/lab07/ComputerStore/mi-tienda-soap/target/classes:/home/codespace/.m2/repository/junit/junit/3.8.1/junit-3.8.1.jar:/home/codespace/.m2/repository/javax/xml/ws/jaxws-api/2.3.1/jaxws-api-2.3.1.jar:/home/codespace/.m2/repository/javax/xml/bind/jaxb-api/2.3.1/jaxb-api-2.3.1.jar:/home/codespace/.m2/repository/javax/activation/javax.activation-api/1.2.0/javax.activation-api-1.2.0.jar:/home/codespace/.m2/repository/javax/xml/soap/javax.xml.soap-api/1.4.0/javax.xml.soap-api-1.4.0.jar:/home/codespace/.m2/repository/javax/annotation/javax.annotation-api/1.3.2/javax.annotation-api-1.3.2.jar:/home/codespace/.m2/repository/com/sun/xml/ws/jaxws-rt/2.3.3/jaxws-rt-2.3.3.jar:/home/codespace/.m2/repository/com/sun/xml/ws/policy/2.7.10/policy-2.7.10.jar:/home/codespace/.m2/repository/org/glassfish/ha/ha-api/3.1.12/ha-api-3.1.12.jar:/home/codespace/.m2/repository/org/glassfish/external/management-api/3.2.2/management-api-3.2.2.jar:/home/codespace/.m2/repository/org/glassfish/gmbal/gmbal/4.0.1/gmbal-4.0.1.jar:/home/codespace/.m2/repository/org/glassfish/pfl/pfl-tf/4.1.0/pfl-tf-4.1.0.jar:/home/codespace/.m2/repository/org/glassfish/pfl/pfl-basic/4.1.0/pfl-basic-4.1.0.jar:/home/codespace/.m2/repository/org/jvnet/staxex/stax-ex/1.8.3/stax-ex-1.8.3.jar:/home/codespace/.m2/repository/com/sun/xml/stream/buffer/streambuffer/1.5.9/streambuffer-1.5.9.jar:/home/codespace/.m2/repository/org/jvnet/mimepull/mimepull/1.9.13/mimepull-1.9.13.jar:/home/codespace/.m2/repository/com/sun/xml/fastinfoset/FastInfoset/1.2.18/FastInfoset-1.2.18.jar:/home/codespace/.m2/repository/com/sun/activation/jakarta.activation/1.2.2/jakarta.activation-1.2.2.jar:/home/codespace/.m2/repository/com/sun/xml/messaging/saaj/saaj-impl/1.5.2/saaj-impl-1.5.2.jar:/home/codespace/.m2/repository/com/fasterxml/woodstox/woodstox-core/5.1.0/woodstox-core-5.1.0.jar:/home/codespace/.m2/repository/org/codehaus/woodstox/stax2-api/4.1/stax2-api-4.1.jar:/home/codespace/.m2/repository/jakarta/xml/soap/jakarta.xml.soap-api/1.4.2/jakarta.xml.soap-api-1.4.2.jar:/home/codespace/.m2/repository/jakarta/jws/jakarta.jws-api/2.1.0/jakarta.jws-api-2.1.0.jar:/home/codespace/.m2/repository/jakarta/xml/ws/jakarta.xml.ws-api/2.3.3/jakarta.xml.ws-api-2.3.3.jar:/home/codespace/.m2/repository/jakarta/xml/bind/jakarta.xml.bind-api/2.3.3/jakarta.xml.bind-api-2.3.3.jar:/home/codespace/.m2/repository/jakarta/activation/jakarta.activation-api/1.2.2/jakarta.activation-api-1.2.2.jar:/home/codespace/.m2/repository/com/sun/xml/bind/jaxb-impl/2.3.3/jaxb-impl-2.3.3.jar:/home/codespace/.m2/repository/com/sun/xml/bind/jaxb-core/2.3.0.1/jaxb-core-2.3.0.1.jar:/home/codespace/.m2/repository/jakarta/annotation/jakarta.annotation-api/1.3.5/jakarta.annotation-api-1.3.5.jar:"/>
    <property name="java.vm.vendor" value="Microsoft"/>
    <property name="sun.arch.data.model" value="64"/>
    <property name="java.vendor.url" value="https://www.microsoft.com"/>
    <property name="os.name" value="Linux"/>
    <property name="java.vm.specification.version" value="17"/>
    <property name="sun.java.launcher" value="SUN_STANDARD"/>
    <property name="sun.boot.library.path" value="/usr/local/sdkman/candidates/java/17.0.8.1-ms/lib"/>
    <property name="sun.java.command" value="/workspaces/labs_Sistemas_distribuidos/lab07/ComputerStore/mi-tienda-soap/target/surefire/surefirebooter-20231121162442226_3.jar /workspaces/labs_Sistemas_distribuidos/lab07/ComputerStore/mi-tienda-soap/target/surefire 2023-11-21T16-24-42_116-jvmRun1 surefire-20231121162442226_1tmp surefire_0-20231121162442226_2tmp"/>
    <property name="jdk.debug" value="release"/>
    <property name="surefire.test.class.path" value="/workspaces/labs_Sistemas_distribuidos/lab07/ComputerStore/mi-tienda-soap/target/test-classes:/workspaces/labs_Sistemas_distribuidos/lab07/ComputerStore/mi-tienda-soap/target/classes:/home/codespace/.m2/repository/junit/junit/3.8.1/junit-3.8.1.jar:/home/codespace/.m2/repository/javax/xml/ws/jaxws-api/2.3.1/jaxws-api-2.3.1.jar:/home/codespace/.m2/repository/javax/xml/bind/jaxb-api/2.3.1/jaxb-api-2.3.1.jar:/home/codespace/.m2/repository/javax/activation/javax.activation-api/1.2.0/javax.activation-api-1.2.0.jar:/home/codespace/.m2/repository/javax/xml/soap/javax.xml.soap-api/1.4.0/javax.xml.soap-api-1.4.0.jar:/home/codespace/.m2/repository/javax/annotation/javax.annotation-api/1.3.2/javax.annotation-api-1.3.2.jar:/home/codespace/.m2/repository/com/sun/xml/ws/jaxws-rt/2.3.3/jaxws-rt-2.3.3.jar:/home/codespace/.m2/repository/com/sun/xml/ws/policy/2.7.10/policy-2.7.10.jar:/home/codespace/.m2/repository/org/glassfish/ha/ha-api/3.1.12/ha-api-3.1.12.jar:/home/codespace/.m2/repository/org/glassfish/external/management-api/3.2.2/management-api-3.2.2.jar:/home/codespace/.m2/repository/org/glassfish/gmbal/gmbal/4.0.1/gmbal-4.0.1.jar:/home/codespace/.m2/repository/org/glassfish/pfl/pfl-tf/4.1.0/pfl-tf-4.1.0.jar:/home/codespace/.m2/repository/org/glassfish/pfl/pfl-basic/4.1.0/pfl-basic-4.1.0.jar:/home/codespace/.m2/repository/org/jvnet/staxex/stax-ex/1.8.3/stax-ex-1.8.3.jar:/home/codespace/.m2/repository/com/sun/xml/stream/buffer/streambuffer/1.5.9/streambuffer-1.5.9.jar:/home/codespace/.m2/repository/org/jvnet/mimepull/mimepull/1.9.13/mimepull-1.9.13.jar:/home/codespace/.m2/repository/com/sun/xml/fastinfoset/FastInfoset/1.2.18/FastInfoset-1.2.18.jar:/home/codespace/.m2/repository/com/sun/activation/jakarta.activation/1.2.2/jakarta.activation-1.2.2.jar:/home/codespace/.m2/repository/com/sun/xml/messaging/saaj/saaj-impl/1.5.2/saaj-impl-1.5.2.jar:/home/codespace/.m2/repository/com/fasterxml/woodstox/woodstox-core/5.1.0/woodstox-core-5.1.0.jar:/home/codespace/.m2/repository/org/codehaus/woodstox/stax2-api/4.1/stax2-api-4.1.jar:/home/codespace/.m2/repository/jakarta/xml/soap/jakarta.xml.soap-api/1.4.2/jakarta.xml.soap-api-1.4.2.jar:/home/codespace/.m2/repository/jakarta/jws/jakarta.jws-api/2.1.0/jakarta.jws-api-2.1.0.jar:/home/codespace/.m2/repository/jakarta/xml/ws/jakarta.xml.ws-api/2.3.3/jakarta.xml.ws-api-2.3.3.jar:/home/codespace/.m2/repository/jakarta/xml/bind/jakarta.xml.bind-api/2.3.3/jakarta.xml.bind-api-2.3.3.jar:/home/codespace/.m2/repository/jakarta/activation/jakarta.activation-api/1.2.2/jakarta.activation-api-1.2.2.jar:/home/codespace/.m2/repository/com/sun/xml/bind/jaxb-impl/2.3.3/jaxb-impl-2.3.3.jar:/home/codespace/.m2/repository/com/sun/xml/bind/jaxb-core/2.3.0.1/jaxb-core-2.3.0.1.jar:/home/codespace/.m2/repository/jakarta/annotation/jakarta.annotation-api/1.3.5/jakarta.annotation-api-1.3.5.jar:"/>
    <property name="sun.cpu.endian" value="little"/>
    <property name="user.home" value="/home/codespace"/>
    <property name="user.language" value="en"/>
    <property name="java.specification.vendor" value="Oracle Corporation"/>
    <property name="java.version.date" value="2023-08-24"/>
    <property name="java.home" value="/usr/local/sdkman/candidates/java/17.0.8.1-ms"/>
    <property name="file.separator" value="/"/>
    <property name="basedir" value="/workspaces/labs_Sistemas_distribuidos/lab07/ComputerStore/mi-tienda-soap"/>
    <property name="java.vm.compressedOopsMode" value="32-bit"/>
    <property name="line.separator" value="&#10;"/>
    <property name="java.vm.specification.vendor" value="Oracle Corporation"/>
    <property name="java.specification.name" value="Java Platform API Specification"/>
    <property name="surefire.real.class.path" value="/workspaces/labs_Sistemas_distribuidos/lab07/ComputerStore/mi-tienda-soap/target/surefire/surefirebooter-20231121162442226_3.jar"/>
    <property name="sun.management.compiler" value="HotSpot 64-Bit Tiered Compilers"/>
    <property name="java.runtime.version" value="17.0.8.1+1-LTS"/>
    <property name="user.name" value="codespace"/>
    <property name="path.separator" value=":"/>
    <property name="os.version" value="6.2.0-1016-azure"/>
    <property name="java.runtime.name" value="OpenJDK Runtime Environment"/>
    <property name="file.encoding" value="UTF-8"/>
    <property name="java.vm.name" value="OpenJDK 64-Bit Server VM"/>
    <property name="java.vendor.version" value="Microsoft-8297089"/>
    <property name="localRepository" value="/home/codespace/.m2/repository"/>
    <property name="java.vendor.url.bug" value="https://github.com/microsoft/openjdk/issues"/>
    <property name="java.io.tmpdir" value="/tmp"/>
    <property name="java.version" value="17.0.8.1"/>
    <property name="user.dir" value="/workspaces/labs_Sistemas_distribuidos/lab07/ComputerStore/mi-tienda-soap"/>
    <property name="os.arch" value="amd64"/>
    <property name="java.vm.specification.name" value="Java Virtual Machine Specification"/>
    <property name="native.encoding" value="UTF-8"/>
    <property name="java.library.path" value="/usr/java/packages/lib:/usr/lib64:/lib64:/lib:/usr/lib"/>
    <property name="java.vm.info" value="mixed mode, sharing"/>
    <property name="java.vendor" value="Microsoft"/>
    <property name="java.vm.version" value="17.0.8.1+1-LTS"/>
    <property name="sun.io.unicode.encoding" value="UnicodeLittle"/>
    <property name="java.class.version" value="61.0"/>
  </properties>
  <testcase name="testApp" classname="com.mitienda.AppTest" time="0.003"/>
</testsuite>